Start testing: May 15 20:01 대한민국 표준시
----------------------------------------------------------
1/27 Testing: TunerTest.initChannel
1/27 Test: TunerTest.initChannel
Command: "C:/DEV/1-15.TDD_TV_10/build/TunerTest.exe" "--gtest_filter=TunerTest.initChannel" "--gtest_also_run_disabled_tests"
Directory: C:/DEV/1-15.TDD_TV_10/build
"TunerTest.initChannel" start time: May 15 20:01 대한민국 표준시
Output:
----------------------------------------------------------
Running main() from C:\DEV\1-15.TDD_TV_10\build\_deps\googletest-src\googletest\src\gtest_main.cc
Note: Google Test filter = TunerTest.initChannel
[==========] Running 1 test from 1 test suite.
[----------] Global test environment set-up.
[----------] 1 test from TunerTest
[ RUN      ] TunerTest.initChannel
[       OK ] TunerTest.initChannel (9 ms)
[----------] 1 test from TunerTest (10 ms total)

[----------] Global test environment tear-down
[==========] 1 test from 1 test suite ran. (11 ms total)
[  PASSED  ] 1 test.
<end of output>
Test time =   0.04 sec
----------------------------------------------------------
Test Passed.
"TunerTest.initChannel" end time: May 15 20:01 대한민국 표준시
"TunerTest.initChannel" time elapsed: 00:00:00
----------------------------------------------------------

2/27 Testing: TunerTest.testSeekCh10times
2/27 Test: TunerTest.testSeekCh10times
Command: "C:/DEV/1-15.TDD_TV_10/build/TunerTest.exe" "--gtest_filter=TunerTest.testSeekCh10times" "--gtest_also_run_disabled_tests"
Directory: C:/DEV/1-15.TDD_TV_10/build
"TunerTest.testSeekCh10times" start time: May 15 20:01 대한민국 표준시
Output:
----------------------------------------------------------
Running main() from C:\DEV\1-15.TDD_TV_10\build\_deps\googletest-src\googletest\src\gtest_main.cc
Note: Google Test filter = TunerTest.testSeekCh10times
[==========] Running 1 test from 1 test suite.
[----------] Global test environment set-up.
[----------] 1 test from TunerTest
[ RUN      ] TunerTest.testSeekCh10times
[       OK ] TunerTest.testSeekCh10times (8 ms)
[----------] 1 test from TunerTest (8 ms total)

[----------] Global test environment tear-down
[==========] 1 test from 1 test suite ran. (10 ms total)
[  PASSED  ] 1 test.
<end of output>
Test time =   0.04 sec
----------------------------------------------------------
Test Passed.
"TunerTest.testSeekCh10times" end time: May 15 20:01 대한민국 표준시
"TunerTest.testSeekCh10times" time elapsed: 00:00:00
----------------------------------------------------------

3/27 Testing: TunerTest.testSeekCh10timesAfterSetCH
3/27 Test: TunerTest.testSeekCh10timesAfterSetCH
Command: "C:/DEV/1-15.TDD_TV_10/build/TunerTest.exe" "--gtest_filter=TunerTest.testSeekCh10timesAfterSetCH" "--gtest_also_run_disabled_tests"
Directory: C:/DEV/1-15.TDD_TV_10/build
"TunerTest.testSeekCh10timesAfterSetCH" start time: May 15 20:01 대한민국 표준시
Output:
----------------------------------------------------------
Running main() from C:\DEV\1-15.TDD_TV_10\build\_deps\googletest-src\googletest\src\gtest_main.cc
Note: Google Test filter = TunerTest.testSeekCh10timesAfterSetCH
[==========] Running 1 test from 1 test suite.
[----------] Global test environment set-up.
[----------] 1 test from TunerTest
[ RUN      ] TunerTest.testSeekCh10timesAfterSetCH
[       OK ] TunerTest.testSeekCh10timesAfterSetCH (3 ms)
[----------] 1 test from TunerTest (3 ms total)

[----------] Global test environment tear-down
[==========] 1 test from 1 test suite ran. (3 ms total)
[  PASSED  ] 1 test.
<end of output>
Test time =   0.03 sec
----------------------------------------------------------
Test Passed.
"TunerTest.testSeekCh10timesAfterSetCH" end time: May 15 20:01 대한민국 표준시
"TunerTest.testSeekCh10timesAfterSetCH" time elapsed: 00:00:00
----------------------------------------------------------

4/27 Testing: ValidChannels/TunerValidChannelTest.testSetChForValidChannel/"0"
4/27 Test: ValidChannels/TunerValidChannelTest.testSetChForValidChannel/"0"
Command: "C:/DEV/1-15.TDD_TV_10/build/TunerTest.exe" "--gtest_filter=ValidChannels/TunerValidChannelTest.testSetChForValidChannel/0" "--gtest_also_run_disabled_tests"
Directory: C:/DEV/1-15.TDD_TV_10/build
"ValidChannels/TunerValidChannelTest.testSetChForValidChannel/"0"" start time: May 15 20:01 대한민국 표준시
Output:
----------------------------------------------------------
Running main() from C:\DEV\1-15.TDD_TV_10\build\_deps\googletest-src\googletest\src\gtest_main.cc
Note: Google Test filter = ValidChannels/TunerValidChannelTest.testSetChForValidChannel/0
[==========] Running 1 test from 1 test suite.
[----------] Global test environment set-up.
[----------] 1 test from ValidChannels/TunerValidChannelTest
[ RUN      ] ValidChannels/TunerValidChannelTest.testSetChForValidChannel/0
[       OK ] ValidChannels/TunerValidChannelTest.testSetChForValidChannel/0 (3 ms)
[----------] 1 test from ValidChannels/TunerValidChannelTest (3 ms total)

[----------] Global test environment tear-down
[==========] 1 test from 1 test suite ran. (3 ms total)
[  PASSED  ] 1 test.
<end of output>
Test time =   0.03 sec
----------------------------------------------------------
Test Passed.
"ValidChannels/TunerValidChannelTest.testSetChForValidChannel/"0"" end time: May 15 20:01 대한민국 표준시
"ValidChannels/TunerValidChannelTest.testSetChForValidChannel/"0"" time elapsed: 00:00:00
----------------------------------------------------------

5/27 Testing: ValidChannels/TunerValidChannelTest.testSetChForValidChannel/"4"
5/27 Test: ValidChannels/TunerValidChannelTest.testSetChForValidChannel/"4"
Command: "C:/DEV/1-15.TDD_TV_10/build/TunerTest.exe" "--gtest_filter=ValidChannels/TunerValidChannelTest.testSetChForValidChannel/1" "--gtest_also_run_disabled_tests"
Directory: C:/DEV/1-15.TDD_TV_10/build
"ValidChannels/TunerValidChannelTest.testSetChForValidChannel/"4"" start time: May 15 20:01 대한민국 표준시
Output:
----------------------------------------------------------
Running main() from C:\DEV\1-15.TDD_TV_10\build\_deps\googletest-src\googletest\src\gtest_main.cc
Note: Google Test filter = ValidChannels/TunerValidChannelTest.testSetChForValidChannel/1
[==========] Running 1 test from 1 test suite.
[----------] Global test environment set-up.
[----------] 1 test from ValidChannels/TunerValidChannelTest
[ RUN      ] ValidChannels/TunerValidChannelTest.testSetChForValidChannel/1
[       OK ] ValidChannels/TunerValidChannelTest.testSetChForValidChannel/1 (1 ms)
[----------] 1 test from ValidChannels/TunerValidChannelTest (1 ms total)

[----------] Global test environment tear-down
[==========] 1 test from 1 test suite ran. (2 ms total)
[  PASSED  ] 1 test.
<end of output>
Test time =   0.03 sec
----------------------------------------------------------
Test Passed.
"ValidChannels/TunerValidChannelTest.testSetChForValidChannel/"4"" end time: May 15 20:01 대한민국 표준시
"ValidChannels/TunerValidChannelTest.testSetChForValidChannel/"4"" time elapsed: 00:00:00
----------------------------------------------------------

6/27 Testing: ValidChannels/TunerValidChannelTest.testSetChForValidChannel/"5"
6/27 Test: ValidChannels/TunerValidChannelTest.testSetChForValidChannel/"5"
Command: "C:/DEV/1-15.TDD_TV_10/build/TunerTest.exe" "--gtest_filter=ValidChannels/TunerValidChannelTest.testSetChForValidChannel/2" "--gtest_also_run_disabled_tests"
Directory: C:/DEV/1-15.TDD_TV_10/build
"ValidChannels/TunerValidChannelTest.testSetChForValidChannel/"5"" start time: May 15 20:01 대한민국 표준시
Output:
----------------------------------------------------------
Running main() from C:\DEV\1-15.TDD_TV_10\build\_deps\googletest-src\googletest\src\gtest_main.cc
Note: Google Test filter = ValidChannels/TunerValidChannelTest.testSetChForValidChannel/2
[==========] Running 1 test from 1 test suite.
[----------] Global test environment set-up.
[----------] 1 test from ValidChannels/TunerValidChannelTest
[ RUN      ] ValidChannels/TunerValidChannelTest.testSetChForValidChannel/2
[       OK ] ValidChannels/TunerValidChannelTest.testSetChForValidChannel/2 (1 ms)
[----------] 1 test from ValidChannels/TunerValidChannelTest (1 ms total)

[----------] Global test environment tear-down
[==========] 1 test from 1 test suite ran. (1 ms total)
[  PASSED  ] 1 test.
<end of output>
Test time =   0.03 sec
----------------------------------------------------------
Test Passed.
"ValidChannels/TunerValidChannelTest.testSetChForValidChannel/"5"" end time: May 15 20:01 대한민국 표준시
"ValidChannels/TunerValidChannelTest.testSetChForValidChannel/"5"" time elapsed: 00:00:00
----------------------------------------------------------

7/27 Testing: ValidChannels/TunerValidChannelTest.testSetChForValidChannel/"12"
7/27 Test: ValidChannels/TunerValidChannelTest.testSetChForValidChannel/"12"
Command: "C:/DEV/1-15.TDD_TV_10/build/TunerTest.exe" "--gtest_filter=ValidChannels/TunerValidChannelTest.testSetChForValidChannel/3" "--gtest_also_run_disabled_tests"
Directory: C:/DEV/1-15.TDD_TV_10/build
"ValidChannels/TunerValidChannelTest.testSetChForValidChannel/"12"" start time: May 15 20:01 대한민국 표준시
Output:
----------------------------------------------------------
Running main() from C:\DEV\1-15.TDD_TV_10\build\_deps\googletest-src\googletest\src\gtest_main.cc
Note: Google Test filter = ValidChannels/TunerValidChannelTest.testSetChForValidChannel/3
[==========] Running 1 test from 1 test suite.
[----------] Global test environment set-up.
[----------] 1 test from ValidChannels/TunerValidChannelTest
[ RUN      ] ValidChannels/TunerValidChannelTest.testSetChForValidChannel/3
[       OK ] ValidChannels/TunerValidChannelTest.testSetChForValidChannel/3 (0 ms)
[----------] 1 test from ValidChannels/TunerValidChannelTest (0 ms total)

[----------] Global test environment tear-down
[==========] 1 test from 1 test suite ran. (0 ms total)
[  PASSED  ] 1 test.
<end of output>
Test time =   0.03 sec
----------------------------------------------------------
Test Passed.
"ValidChannels/TunerValidChannelTest.testSetChForValidChannel/"12"" end time: May 15 20:01 대한민국 표준시
"ValidChannels/TunerValidChannelTest.testSetChForValidChannel/"12"" time elapsed: 00:00:00
----------------------------------------------------------

8/27 Testing: ValidChannels/TunerValidChannelTest.testSetChForValidChannel/"99"
8/27 Test: ValidChannels/TunerValidChannelTest.testSetChForValidChannel/"99"
Command: "C:/DEV/1-15.TDD_TV_10/build/TunerTest.exe" "--gtest_filter=ValidChannels/TunerValidChannelTest.testSetChForValidChannel/4" "--gtest_also_run_disabled_tests"
Directory: C:/DEV/1-15.TDD_TV_10/build
"ValidChannels/TunerValidChannelTest.testSetChForValidChannel/"99"" start time: May 15 20:01 대한민국 표준시
Output:
----------------------------------------------------------
Running main() from C:\DEV\1-15.TDD_TV_10\build\_deps\googletest-src\googletest\src\gtest_main.cc
Note: Google Test filter = ValidChannels/TunerValidChannelTest.testSetChForValidChannel/4
[==========] Running 1 test from 1 test suite.
[----------] Global test environment set-up.
[----------] 1 test from ValidChannels/TunerValidChannelTest
[ RUN      ] ValidChannels/TunerValidChannelTest.testSetChForValidChannel/4
[       OK ] ValidChannels/TunerValidChannelTest.testSetChForValidChannel/4 (0 ms)
[----------] 1 test from ValidChannels/TunerValidChannelTest (0 ms total)

[----------] Global test environment tear-down
[==========] 1 test from 1 test suite ran. (0 ms total)
[  PASSED  ] 1 test.
<end of output>
Test time =   0.03 sec
----------------------------------------------------------
Test Passed.
"ValidChannels/TunerValidChannelTest.testSetChForValidChannel/"99"" end time: May 15 20:01 대한민국 표준시
"ValidChannels/TunerValidChannelTest.testSetChForValidChannel/"99"" time elapsed: 00:00:00
----------------------------------------------------------

9/27 Testing: InvalidChannels/TunerInvalidChannelTest.testSetChForInvalidChannel/"-12"
9/27 Test: InvalidChannels/TunerInvalidChannelTest.testSetChForInvalidChannel/"-12"
Command: "C:/DEV/1-15.TDD_TV_10/build/TunerTest.exe" "--gtest_filter=InvalidChannels/TunerInvalidChannelTest.testSetChForInvalidChannel/0" "--gtest_also_run_disabled_tests"
Directory: C:/DEV/1-15.TDD_TV_10/build
"InvalidChannels/TunerInvalidChannelTest.testSetChForInvalidChannel/"-12"" start time: May 15 20:01 대한민국 표준시
Output:
----------------------------------------------------------
Running main() from C:\DEV\1-15.TDD_TV_10\build\_deps\googletest-src\googletest\src\gtest_main.cc
Note: Google Test filter = InvalidChannels/TunerInvalidChannelTest.testSetChForInvalidChannel/0
[==========] Running 1 test from 1 test suite.
[----------] Global test environment set-up.
[----------] 1 test from InvalidChannels/TunerInvalidChannelTest
[ RUN      ] InvalidChannels/TunerInvalidChannelTest.testSetChForInvalidChannel/0
[       OK ] InvalidChannels/TunerInvalidChannelTest.testSetChForInvalidChannel/0 (2 ms)
[----------] 1 test from InvalidChannels/TunerInvalidChannelTest (2 ms total)

[----------] Global test environment tear-down
[==========] 1 test from 1 test suite ran. (2 ms total)
[  PASSED  ] 1 test.
<end of output>
Test time =   0.03 sec
----------------------------------------------------------
Test Passed.
"InvalidChannels/TunerInvalidChannelTest.testSetChForInvalidChannel/"-12"" end time: May 15 20:01 대한민국 표준시
"InvalidChannels/TunerInvalidChannelTest.testSetChForInvalidChannel/"-12"" time elapsed: 00:00:00
----------------------------------------------------------

10/27 Testing: InvalidChannels/TunerInvalidChannelTest.testSetChForInvalidChannel/"-2"
10/27 Test: InvalidChannels/TunerInvalidChannelTest.testSetChForInvalidChannel/"-2"
Command: "C:/DEV/1-15.TDD_TV_10/build/TunerTest.exe" "--gtest_filter=InvalidChannels/TunerInvalidChannelTest.testSetChForInvalidChannel/1" "--gtest_also_run_disabled_tests"
Directory: C:/DEV/1-15.TDD_TV_10/build
"InvalidChannels/TunerInvalidChannelTest.testSetChForInvalidChannel/"-2"" start time: May 15 20:01 대한민국 표준시
Output:
----------------------------------------------------------
Running main() from C:\DEV\1-15.TDD_TV_10\build\_deps\googletest-src\googletest\src\gtest_main.cc
Note: Google Test filter = InvalidChannels/TunerInvalidChannelTest.testSetChForInvalidChannel/1
[==========] Running 1 test from 1 test suite.
[----------] Global test environment set-up.
[----------] 1 test from InvalidChannels/TunerInvalidChannelTest
[ RUN      ] InvalidChannels/TunerInvalidChannelTest.testSetChForInvalidChannel/1
[       OK ] InvalidChannels/TunerInvalidChannelTest.testSetChForInvalidChannel/1 (1 ms)
[----------] 1 test from InvalidChannels/TunerInvalidChannelTest (1 ms total)

[----------] Global test environment tear-down
[==========] 1 test from 1 test suite ran. (2 ms total)
[  PASSED  ] 1 test.
<end of output>
Test time =   0.03 sec
----------------------------------------------------------
Test Passed.
"InvalidChannels/TunerInvalidChannelTest.testSetChForInvalidChannel/"-2"" end time: May 15 20:01 대한민국 표준시
"InvalidChannels/TunerInvalidChannelTest.testSetChForInvalidChannel/"-2"" time elapsed: 00:00:00
----------------------------------------------------------

11/27 Testing: InvalidChannels/TunerInvalidChannelTest.testSetChForInvalidChannel/"-0"
11/27 Test: InvalidChannels/TunerInvalidChannelTest.testSetChForInvalidChannel/"-0"
Command: "C:/DEV/1-15.TDD_TV_10/build/TunerTest.exe" "--gtest_filter=InvalidChannels/TunerInvalidChannelTest.testSetChForInvalidChannel/2" "--gtest_also_run_disabled_tests"
Directory: C:/DEV/1-15.TDD_TV_10/build
"InvalidChannels/TunerInvalidChannelTest.testSetChForInvalidChannel/"-0"" start time: May 15 20:01 대한민국 표준시
Output:
----------------------------------------------------------
Running main() from C:\DEV\1-15.TDD_TV_10\build\_deps\googletest-src\googletest\src\gtest_main.cc
Note: Google Test filter = InvalidChannels/TunerInvalidChannelTest.testSetChForInvalidChannel/2
[==========] Running 1 test from 1 test suite.
[----------] Global test environment set-up.
[----------] 1 test from InvalidChannels/TunerInvalidChannelTest
[ RUN      ] InvalidChannels/TunerInvalidChannelTest.testSetChForInvalidChannel/2
[       OK ] InvalidChannels/TunerInvalidChannelTest.testSetChForInvalidChannel/2 (1 ms)
[----------] 1 test from InvalidChannels/TunerInvalidChannelTest (1 ms total)

[----------] Global test environment tear-down
[==========] 1 test from 1 test suite ran. (1 ms total)
[  PASSED  ] 1 test.
<end of output>
Test time =   0.03 sec
----------------------------------------------------------
Test Passed.
"InvalidChannels/TunerInvalidChannelTest.testSetChForInvalidChannel/"-0"" end time: May 15 20:01 대한민국 표준시
"InvalidChannels/TunerInvalidChannelTest.testSetChForInvalidChannel/"-0"" time elapsed: 00:00:00
----------------------------------------------------------

12/27 Testing: InvalidChannels/TunerInvalidChannelTest.testSetChForInvalidChannel/"100"
12/27 Test: InvalidChannels/TunerInvalidChannelTest.testSetChForInvalidChannel/"100"
Command: "C:/DEV/1-15.TDD_TV_10/build/TunerTest.exe" "--gtest_filter=InvalidChannels/TunerInvalidChannelTest.testSetChForInvalidChannel/3" "--gtest_also_run_disabled_tests"
Directory: C:/DEV/1-15.TDD_TV_10/build
"InvalidChannels/TunerInvalidChannelTest.testSetChForInvalidChannel/"100"" start time: May 15 20:01 대한민국 표준시
Output:
----------------------------------------------------------
Running main() from C:\DEV\1-15.TDD_TV_10\build\_deps\googletest-src\googletest\src\gtest_main.cc
Note: Google Test filter = InvalidChannels/TunerInvalidChannelTest.testSetChForInvalidChannel/3
[==========] Running 1 test from 1 test suite.
[----------] Global test environment set-up.
[----------] 1 test from InvalidChannels/TunerInvalidChannelTest
[ RUN      ] InvalidChannels/TunerInvalidChannelTest.testSetChForInvalidChannel/3
[       OK ] InvalidChannels/TunerInvalidChannelTest.testSetChForInvalidChannel/3 (1 ms)
[----------] 1 test from InvalidChannels/TunerInvalidChannelTest (1 ms total)

[----------] Global test environment tear-down
[==========] 1 test from 1 test suite ran. (1 ms total)
[  PASSED  ] 1 test.
<end of output>
Test time =   0.03 sec
----------------------------------------------------------
Test Passed.
"InvalidChannels/TunerInvalidChannelTest.testSetChForInvalidChannel/"100"" end time: May 15 20:01 대한민국 표준시
"InvalidChannels/TunerInvalidChannelTest.testSetChForInvalidChannel/"100"" time elapsed: 00:00:00
----------------------------------------------------------

13/27 Testing: InvalidChannels/TunerInvalidChannelTest.testSetChForInvalidChannel/"9999"
13/27 Test: InvalidChannels/TunerInvalidChannelTest.testSetChForInvalidChannel/"9999"
Command: "C:/DEV/1-15.TDD_TV_10/build/TunerTest.exe" "--gtest_filter=InvalidChannels/TunerInvalidChannelTest.testSetChForInvalidChannel/4" "--gtest_also_run_disabled_tests"
Directory: C:/DEV/1-15.TDD_TV_10/build
"InvalidChannels/TunerInvalidChannelTest.testSetChForInvalidChannel/"9999"" start time: May 15 20:01 대한민국 표준시
Output:
----------------------------------------------------------
Running main() from C:\DEV\1-15.TDD_TV_10\build\_deps\googletest-src\googletest\src\gtest_main.cc
Note: Google Test filter = InvalidChannels/TunerInvalidChannelTest.testSetChForInvalidChannel/4
[==========] Running 1 test from 1 test suite.
[----------] Global test environment set-up.
[----------] 1 test from InvalidChannels/TunerInvalidChannelTest
[ RUN      ] InvalidChannels/TunerInvalidChannelTest.testSetChForInvalidChannel/4
[       OK ] InvalidChannels/TunerInvalidChannelTest.testSetChForInvalidChannel/4 (0 ms)
[----------] 1 test from InvalidChannels/TunerInvalidChannelTest (1 ms total)

[----------] Global test environment tear-down
[==========] 1 test from 1 test suite ran. (1 ms total)
[  PASSED  ] 1 test.
<end of output>
Test time =   0.03 sec
----------------------------------------------------------
Test Passed.
"InvalidChannels/TunerInvalidChannelTest.testSetChForInvalidChannel/"9999"" end time: May 15 20:01 대한민국 표준시
"InvalidChannels/TunerInvalidChannelTest.testSetChForInvalidChannel/"9999"" time elapsed: 00:00:00
----------------------------------------------------------

14/27 Testing: ControllerTest.OneDigitWithConfirm
14/27 Test: ControllerTest.OneDigitWithConfirm
Command: "C:/DEV/1-15.TDD_TV_10/build/TVControllerTest.exe" "--gtest_filter=ControllerTest.OneDigitWithConfirm" "--gtest_also_run_disabled_tests"
Directory: C:/DEV/1-15.TDD_TV_10/build
"ControllerTest.OneDigitWithConfirm" start time: May 15 20:01 대한민국 표준시
Output:
----------------------------------------------------------
Running main() from C:\DEV\1-15.TDD_TV_10\build\_deps\googletest-src\googletest\src\gtest_main.cc
Note: Google Test filter = ControllerTest.OneDigitWithConfirm
[==========] Running 1 test from 1 test suite.
[----------] Global test environment set-up.
[----------] 1 test from ControllerTest
[ RUN      ] ControllerTest.OneDigitWithConfirm
[       OK ] ControllerTest.OneDigitWithConfirm (1 ms)
[----------] 1 test from ControllerTest (2 ms total)

[----------] Global test environment tear-down
[==========] 1 test from 1 test suite ran. (3 ms total)
[  PASSED  ] 1 test.
<end of output>
Test time =   0.03 sec
----------------------------------------------------------
Test Passed.
"ControllerTest.OneDigitWithConfirm" end time: May 15 20:01 대한민국 표준시
"ControllerTest.OneDigitWithConfirm" time elapsed: 00:00:00
----------------------------------------------------------

15/27 Testing: ControllerTest.TwoDigitAutoChange
15/27 Test: ControllerTest.TwoDigitAutoChange
Command: "C:/DEV/1-15.TDD_TV_10/build/TVControllerTest.exe" "--gtest_filter=ControllerTest.TwoDigitAutoChange" "--gtest_also_run_disabled_tests"
Directory: C:/DEV/1-15.TDD_TV_10/build
"ControllerTest.TwoDigitAutoChange" start time: May 15 20:01 대한민국 표준시
Output:
----------------------------------------------------------
Running main() from C:\DEV\1-15.TDD_TV_10\build\_deps\googletest-src\googletest\src\gtest_main.cc
Note: Google Test filter = ControllerTest.TwoDigitAutoChange
[==========] Running 1 test from 1 test suite.
[----------] Global test environment set-up.
[----------] 1 test from ControllerTest
[ RUN      ] ControllerTest.TwoDigitAutoChange
[       OK ] ControllerTest.TwoDigitAutoChange (1 ms)
[----------] 1 test from ControllerTest (2 ms total)

[----------] Global test environment tear-down
[==========] 1 test from 1 test suite ran. (3 ms total)
[  PASSED  ] 1 test.
<end of output>
Test time =   0.03 sec
----------------------------------------------------------
Test Passed.
"ControllerTest.TwoDigitAutoChange" end time: May 15 20:01 대한민국 표준시
"ControllerTest.TwoDigitAutoChange" time elapsed: 00:00:00
----------------------------------------------------------

16/27 Testing: ControllerTest.ThreeDigitInput
16/27 Test: ControllerTest.ThreeDigitInput
Command: "C:/DEV/1-15.TDD_TV_10/build/TVControllerTest.exe" "--gtest_filter=ControllerTest.ThreeDigitInput" "--gtest_also_run_disabled_tests"
Directory: C:/DEV/1-15.TDD_TV_10/build
"ControllerTest.ThreeDigitInput" start time: May 15 20:01 대한민국 표준시
Output:
----------------------------------------------------------
Running main() from C:\DEV\1-15.TDD_TV_10\build\_deps\googletest-src\googletest\src\gtest_main.cc
Note: Google Test filter = ControllerTest.ThreeDigitInput
[==========] Running 1 test from 1 test suite.
[----------] Global test environment set-up.
[----------] 1 test from ControllerTest
[ RUN      ] ControllerTest.ThreeDigitInput
[       OK ] ControllerTest.ThreeDigitInput (0 ms)
[----------] 1 test from ControllerTest (0 ms total)

[----------] Global test environment tear-down
[==========] 1 test from 1 test suite ran. (0 ms total)
[  PASSED  ] 1 test.
<end of output>
Test time =   0.03 sec
----------------------------------------------------------
Test Passed.
"ControllerTest.ThreeDigitInput" end time: May 15 20:01 대한민국 표준시
"ControllerTest.ThreeDigitInput" time elapsed: 00:00:00
----------------------------------------------------------

17/27 Testing: ControllerTest.LeadingZeroTwoDigit
17/27 Test: ControllerTest.LeadingZeroTwoDigit
Command: "C:/DEV/1-15.TDD_TV_10/build/TVControllerTest.exe" "--gtest_filter=ControllerTest.LeadingZeroTwoDigit" "--gtest_also_run_disabled_tests"
Directory: C:/DEV/1-15.TDD_TV_10/build
"ControllerTest.LeadingZeroTwoDigit" start time: May 15 20:01 대한민국 표준시
Output:
----------------------------------------------------------
Running main() from C:\DEV\1-15.TDD_TV_10\build\_deps\googletest-src\googletest\src\gtest_main.cc
Note: Google Test filter = ControllerTest.LeadingZeroTwoDigit
[==========] Running 1 test from 1 test suite.
[----------] Global test environment set-up.
[----------] 1 test from ControllerTest
[ RUN      ] ControllerTest.LeadingZeroTwoDigit
[       OK ] ControllerTest.LeadingZeroTwoDigit (0 ms)
[----------] 1 test from ControllerTest (0 ms total)

[----------] Global test environment tear-down
[==========] 1 test from 1 test suite ran. (0 ms total)
[  PASSED  ] 1 test.
<end of output>
Test time =   0.03 sec
----------------------------------------------------------
Test Passed.
"ControllerTest.LeadingZeroTwoDigit" end time: May 15 20:01 대한민국 표준시
"ControllerTest.LeadingZeroTwoDigit" time elapsed: 00:00:00
----------------------------------------------------------

18/27 Testing: ControllerTest.FourDigitInput
18/27 Test: ControllerTest.FourDigitInput
Command: "C:/DEV/1-15.TDD_TV_10/build/TVControllerTest.exe" "--gtest_filter=ControllerTest.FourDigitInput" "--gtest_also_run_disabled_tests"
Directory: C:/DEV/1-15.TDD_TV_10/build
"ControllerTest.FourDigitInput" start time: May 15 20:01 대한민국 표준시
Output:
----------------------------------------------------------
Running main() from C:\DEV\1-15.TDD_TV_10\build\_deps\googletest-src\googletest\src\gtest_main.cc
Note: Google Test filter = ControllerTest.FourDigitInput
[==========] Running 1 test from 1 test suite.
[----------] Global test environment set-up.
[----------] 1 test from ControllerTest
[ RUN      ] ControllerTest.FourDigitInput
[       OK ] ControllerTest.FourDigitInput (0 ms)
[----------] 1 test from ControllerTest (0 ms total)

[----------] Global test environment tear-down
[==========] 1 test from 1 test suite ran. (0 ms total)
[  PASSED  ] 1 test.
<end of output>
Test time =   0.02 sec
----------------------------------------------------------
Test Passed.
"ControllerTest.FourDigitInput" end time: May 15 20:01 대한민국 표준시
"ControllerTest.FourDigitInput" time elapsed: 00:00:00
----------------------------------------------------------

19/27 Testing: ControllerTest.BoundaryChannel99
19/27 Test: ControllerTest.BoundaryChannel99
Command: "C:/DEV/1-15.TDD_TV_10/build/TVControllerTest.exe" "--gtest_filter=ControllerTest.BoundaryChannel99" "--gtest_also_run_disabled_tests"
Directory: C:/DEV/1-15.TDD_TV_10/build
"ControllerTest.BoundaryChannel99" start time: May 15 20:01 대한민국 표준시
Output:
----------------------------------------------------------
Running main() from C:\DEV\1-15.TDD_TV_10\build\_deps\googletest-src\googletest\src\gtest_main.cc
Note: Google Test filter = ControllerTest.BoundaryChannel99
[==========] Running 1 test from 1 test suite.
[----------] Global test environment set-up.
[----------] 1 test from ControllerTest
[ RUN      ] ControllerTest.BoundaryChannel99
[       OK ] ControllerTest.BoundaryChannel99 (0 ms)
[----------] 1 test from ControllerTest (0 ms total)

[----------] Global test environment tear-down
[==========] 1 test from 1 test suite ran. (0 ms total)
[  PASSED  ] 1 test.
<end of output>
Test time =   0.03 sec
----------------------------------------------------------
Test Passed.
"ControllerTest.BoundaryChannel99" end time: May 15 20:01 대한민국 표준시
"ControllerTest.BoundaryChannel99" time elapsed: 00:00:00
----------------------------------------------------------

20/27 Testing: ControllerTest.BoundaryChannel00
20/27 Test: ControllerTest.BoundaryChannel00
Command: "C:/DEV/1-15.TDD_TV_10/build/TVControllerTest.exe" "--gtest_filter=ControllerTest.BoundaryChannel00" "--gtest_also_run_disabled_tests"
Directory: C:/DEV/1-15.TDD_TV_10/build
"ControllerTest.BoundaryChannel00" start time: May 15 20:01 대한민국 표준시
Output:
----------------------------------------------------------
Running main() from C:\DEV\1-15.TDD_TV_10\build\_deps\googletest-src\googletest\src\gtest_main.cc
Note: Google Test filter = ControllerTest.BoundaryChannel00
[==========] Running 1 test from 1 test suite.
[----------] Global test environment set-up.
[----------] 1 test from ControllerTest
[ RUN      ] ControllerTest.BoundaryChannel00
[       OK ] ControllerTest.BoundaryChannel00 (0 ms)
[----------] 1 test from ControllerTest (0 ms total)

[----------] Global test environment tear-down
[==========] 1 test from 1 test suite ran. (0 ms total)
[  PASSED  ] 1 test.
<end of output>
Test time =   0.03 sec
----------------------------------------------------------
Test Passed.
"ControllerTest.BoundaryChannel00" end time: May 15 20:01 대한민국 표준시
"ControllerTest.BoundaryChannel00" time elapsed: 00:00:00
----------------------------------------------------------

21/27 Testing: ControllerTest.BoundaryChannel09
21/27 Test: ControllerTest.BoundaryChannel09
Command: "C:/DEV/1-15.TDD_TV_10/build/TVControllerTest.exe" "--gtest_filter=ControllerTest.BoundaryChannel09" "--gtest_also_run_disabled_tests"
Directory: C:/DEV/1-15.TDD_TV_10/build
"ControllerTest.BoundaryChannel09" start time: May 15 20:01 대한민국 표준시
Output:
----------------------------------------------------------
Running main() from C:\DEV\1-15.TDD_TV_10\build\_deps\googletest-src\googletest\src\gtest_main.cc
Note: Google Test filter = ControllerTest.BoundaryChannel09
[==========] Running 1 test from 1 test suite.
[----------] Global test environment set-up.
[----------] 1 test from ControllerTest
[ RUN      ] ControllerTest.BoundaryChannel09
[       OK ] ControllerTest.BoundaryChannel09 (0 ms)
[----------] 1 test from ControllerTest (0 ms total)

[----------] Global test environment tear-down
[==========] 1 test from 1 test suite ran. (0 ms total)
[  PASSED  ] 1 test.
<end of output>
Test time =   0.03 sec
----------------------------------------------------------
Test Passed.
"ControllerTest.BoundaryChannel09" end time: May 15 20:01 대한민국 표준시
"ControllerTest.BoundaryChannel09" time elapsed: 00:00:00
----------------------------------------------------------

22/27 Testing: ControllerTest.SeekCHCall
22/27 Test: ControllerTest.SeekCHCall
Command: "C:/DEV/1-15.TDD_TV_10/build/TVControllerTest.exe" "--gtest_filter=ControllerTest.SeekCHCall" "--gtest_also_run_disabled_tests"
Directory: C:/DEV/1-15.TDD_TV_10/build
"ControllerTest.SeekCHCall" start time: May 15 20:01 대한민국 표준시
Output:
----------------------------------------------------------
Running main() from C:\DEV\1-15.TDD_TV_10\build\_deps\googletest-src\googletest\src\gtest_main.cc
Note: Google Test filter = ControllerTest.SeekCHCall
[==========] Running 1 test from 1 test suite.
[----------] Global test environment set-up.
[----------] 1 test from ControllerTest
[ RUN      ] ControllerTest.SeekCHCall
[       OK ] ControllerTest.SeekCHCall (0 ms)
[----------] 1 test from ControllerTest (0 ms total)

[----------] Global test environment tear-down
[==========] 1 test from 1 test suite ran. (0 ms total)
[  PASSED  ] 1 test.
<end of output>
Test time =   0.03 sec
----------------------------------------------------------
Test Passed.
"ControllerTest.SeekCHCall" end time: May 15 20:01 대한민국 표준시
"ControllerTest.SeekCHCall" time elapsed: 00:00:00
----------------------------------------------------------

23/27 Testing: ControllerTest.ToggleFavoriteChannel
23/27 Test: ControllerTest.ToggleFavoriteChannel
Command: "C:/DEV/1-15.TDD_TV_10/build/TVControllerTest.exe" "--gtest_filter=ControllerTest.ToggleFavoriteChannel" "--gtest_also_run_disabled_tests"
Directory: C:/DEV/1-15.TDD_TV_10/build
"ControllerTest.ToggleFavoriteChannel" start time: May 15 20:01 대한민국 표준시
Output:
----------------------------------------------------------
Running main() from C:\DEV\1-15.TDD_TV_10\build\_deps\googletest-src\googletest\src\gtest_main.cc
Note: Google Test filter = ControllerTest.ToggleFavoriteChannel
[==========] Running 1 test from 1 test suite.
[----------] Global test environment set-up.
[----------] 1 test from ControllerTest
[ RUN      ] ControllerTest.ToggleFavoriteChannel
[       OK ] ControllerTest.ToggleFavoriteChannel (0 ms)
[----------] 1 test from ControllerTest (0 ms total)

[----------] Global test environment tear-down
[==========] 1 test from 1 test suite ran. (1 ms total)
[  PASSED  ] 1 test.
<end of output>
Test time =   0.03 sec
----------------------------------------------------------
Test Passed.
"ControllerTest.ToggleFavoriteChannel" end time: May 15 20:01 대한민국 표준시
"ControllerTest.ToggleFavoriteChannel" time elapsed: 00:00:00
----------------------------------------------------------

24/27 Testing: ControllerTest.MoveToNextFavorite
24/27 Test: ControllerTest.MoveToNextFavorite
Command: "C:/DEV/1-15.TDD_TV_10/build/TVControllerTest.exe" "--gtest_filter=ControllerTest.MoveToNextFavorite" "--gtest_also_run_disabled_tests"
Directory: C:/DEV/1-15.TDD_TV_10/build
"ControllerTest.MoveToNextFavorite" start time: May 15 20:01 대한민국 표준시
Output:
----------------------------------------------------------
Running main() from C:\DEV\1-15.TDD_TV_10\build\_deps\googletest-src\googletest\src\gtest_main.cc
Note: Google Test filter = ControllerTest.MoveToNextFavorite
[==========] Running 1 test from 1 test suite.
[----------] Global test environment set-up.
[----------] 1 test from ControllerTest
[ RUN      ] ControllerTest.MoveToNextFavorite
[       OK ] ControllerTest.MoveToNextFavorite (0 ms)
[----------] 1 test from ControllerTest (0 ms total)

[----------] Global test environment tear-down
[==========] 1 test from 1 test suite ran. (1 ms total)
[  PASSED  ] 1 test.
<end of output>
Test time =   0.03 sec
----------------------------------------------------------
Test Passed.
"ControllerTest.MoveToNextFavorite" end time: May 15 20:01 대한민국 표준시
"ControllerTest.MoveToNextFavorite" time elapsed: 00:00:00
----------------------------------------------------------

25/27 Testing: ControllerTest.ChannelUpDownWithoutFavorites
25/27 Test: ControllerTest.ChannelUpDownWithoutFavorites
Command: "C:/DEV/1-15.TDD_TV_10/build/TVControllerTest.exe" "--gtest_filter=ControllerTest.ChannelUpDownWithoutFavorites" "--gtest_also_run_disabled_tests"
Directory: C:/DEV/1-15.TDD_TV_10/build
"ControllerTest.ChannelUpDownWithoutFavorites" start time: May 15 20:01 대한민국 표준시
Output:
----------------------------------------------------------
Running main() from C:\DEV\1-15.TDD_TV_10\build\_deps\googletest-src\googletest\src\gtest_main.cc
Note: Google Test filter = ControllerTest.ChannelUpDownWithoutFavorites
[==========] Running 1 test from 1 test suite.
[----------] Global test environment set-up.
[----------] 1 test from ControllerTest
[ RUN      ] ControllerTest.ChannelUpDownWithoutFavorites
[       OK ] ControllerTest.ChannelUpDownWithoutFavorites (0 ms)
[----------] 1 test from ControllerTest (0 ms total)

[----------] Global test environment tear-down
[==========] 1 test from 1 test suite ran. (0 ms total)
[  PASSED  ] 1 test.
<end of output>
Test time =   0.03 sec
----------------------------------------------------------
Test Passed.
"ControllerTest.ChannelUpDownWithoutFavorites" end time: May 15 20:01 대한민국 표준시
"ControllerTest.ChannelUpDownWithoutFavorites" time elapsed: 00:00:00
----------------------------------------------------------

26/27 Testing: ControllerTest.ChannelUpDownWithFavorites
26/27 Test: ControllerTest.ChannelUpDownWithFavorites
Command: "C:/DEV/1-15.TDD_TV_10/build/TVControllerTest.exe" "--gtest_filter=ControllerTest.ChannelUpDownWithFavorites" "--gtest_also_run_disabled_tests"
Directory: C:/DEV/1-15.TDD_TV_10/build
"ControllerTest.ChannelUpDownWithFavorites" start time: May 15 20:01 대한민국 표준시
Output:
----------------------------------------------------------
Running main() from C:\DEV\1-15.TDD_TV_10\build\_deps\googletest-src\googletest\src\gtest_main.cc
Note: Google Test filter = ControllerTest.ChannelUpDownWithFavorites
[==========] Running 1 test from 1 test suite.
[----------] Global test environment set-up.
[----------] 1 test from ControllerTest
[ RUN      ] ControllerTest.ChannelUpDownWithFavorites
[       OK ] ControllerTest.ChannelUpDownWithFavorites (0 ms)
[----------] 1 test from ControllerTest (0 ms total)

[----------] Global test environment tear-down
[==========] 1 test from 1 test suite ran. (0 ms total)
[  PASSED  ] 1 test.
<end of output>
Test time =   0.03 sec
----------------------------------------------------------
Test Passed.
"ControllerTest.ChannelUpDownWithFavorites" end time: May 15 20:01 대한민국 표준시
"ControllerTest.ChannelUpDownWithFavorites" time elapsed: 00:00:00
----------------------------------------------------------

27/27 Testing: TVControllerApprovalTest.VerifyAllScenarios
27/27 Test: TVControllerApprovalTest.VerifyAllScenarios
Command: "C:/DEV/1-15.TDD_TV_10/build/TVControllerTestApprovalTests.exe" "--gtest_filter=TVControllerApprovalTest.VerifyAllScenarios" "--gtest_also_run_disabled_tests"
Directory: C:/DEV/1-15.TDD_TV_10/build
"TVControllerApprovalTest.VerifyAllScenarios" start time: May 15 20:01 대한민국 표준시
Output:
----------------------------------------------------------
Note: Google Test filter = TVControllerApprovalTest.VerifyAllScenarios
[==========] Running 1 test from 1 test suite.
[----------] Global test environment set-up.
[----------] 1 test from TVControllerApprovalTest
[ RUN      ] TVControllerApprovalTest.VerifyAllScenarios
[       OK ] TVControllerApprovalTest.VerifyAllScenarios (8 ms)
[----------] 1 test from TVControllerApprovalTest (11 ms total)

[----------] Global test environment tear-down
[==========] 1 test from 1 test suite ran. (13 ms total)
[  PASSED  ] 1 test.
<end of output>
Test time =   0.08 sec
----------------------------------------------------------
Test Passed.
"TVControllerApprovalTest.VerifyAllScenarios" end time: May 15 20:01 대한민국 표준시
"TVControllerApprovalTest.VerifyAllScenarios" time elapsed: 00:00:00
----------------------------------------------------------

End testing: May 15 20:01 대한민국 표준시
