Start testing: May 17 17:56 대한민국 표준시
----------------------------------------------------------
1/36 Testing: TunerTest.initChannel
1/36 Test: TunerTest.initChannel
Command: "C:/DEV/1-15.TDD_TV_10/build/TunerTest.exe" "--gtest_filter=TunerTest.initChannel" "--gtest_also_run_disabled_tests"
Directory: C:/DEV/1-15.TDD_TV_10/build
"TunerTest.initChannel" start time: May 17 17:56 대한민국 표준시
Output:
----------------------------------------------------------
Running main() from C:\DEV\1-15.TDD_TV_10\build\_deps\googletest-src\googletest\src\gtest_main.cc
Note: Google Test filter = TunerTest.initChannel
[==========] Running 1 test from 1 test suite.
[----------] Global test environment set-up.
[----------] 1 test from TunerTest
[ RUN      ] TunerTest.initChannel
[       OK ] TunerTest.initChannel (9 ms)
[----------] 1 test from TunerTest (9 ms total)

[----------] Global test environment tear-down
[==========] 1 test from 1 test suite ran. (11 ms total)
[  PASSED  ] 1 test.
<end of output>
Test time =   0.05 sec
----------------------------------------------------------
Test Passed.
"TunerTest.initChannel" end time: May 17 17:56 대한민국 표준시
"TunerTest.initChannel" time elapsed: 00:00:00
----------------------------------------------------------

2/36 Testing: TunerTest.testSeekCh10times
2/36 Test: TunerTest.testSeekCh10times
Command: "C:/DEV/1-15.TDD_TV_10/build/TunerTest.exe" "--gtest_filter=TunerTest.testSeekCh10times" "--gtest_also_run_disabled_tests"
Directory: C:/DEV/1-15.TDD_TV_10/build
"TunerTest.testSeekCh10times" start time: May 17 17:56 대한민국 표준시
Output:
----------------------------------------------------------
Running main() from C:\DEV\1-15.TDD_TV_10\build\_deps\googletest-src\googletest\src\gtest_main.cc
Note: Google Test filter = TunerTest.testSeekCh10times
[==========] Running 1 test from 1 test suite.
[----------] Global test environment set-up.
[----------] 1 test from TunerTest
[ RUN      ] TunerTest.testSeekCh10times
[       OK ] TunerTest.testSeekCh10times (8 ms)
[----------] 1 test from TunerTest (9 ms total)

[----------] Global test environment tear-down
[==========] 1 test from 1 test suite ran. (11 ms total)
[  PASSED  ] 1 test.
<end of output>
Test time =   0.04 sec
----------------------------------------------------------
Test Passed.
"TunerTest.testSeekCh10times" end time: May 17 17:56 대한민국 표준시
"TunerTest.testSeekCh10times" time elapsed: 00:00:00
----------------------------------------------------------

3/36 Testing: TunerTest.testSeekCh10timesAfterSetCH
3/36 Test: TunerTest.testSeekCh10timesAfterSetCH
Command: "C:/DEV/1-15.TDD_TV_10/build/TunerTest.exe" "--gtest_filter=TunerTest.testSeekCh10timesAfterSetCH" "--gtest_also_run_disabled_tests"
Directory: C:/DEV/1-15.TDD_TV_10/build
"TunerTest.testSeekCh10timesAfterSetCH" start time: May 17 17:56 대한민국 표준시
Output:
----------------------------------------------------------
Running main() from C:\DEV\1-15.TDD_TV_10\build\_deps\googletest-src\googletest\src\gtest_main.cc
Note: Google Test filter = TunerTest.testSeekCh10timesAfterSetCH
[==========] Running 1 test from 1 test suite.
[----------] Global test environment set-up.
[----------] 1 test from TunerTest
[ RUN      ] TunerTest.testSeekCh10timesAfterSetCH
[       OK ] TunerTest.testSeekCh10timesAfterSetCH (3 ms)
[----------] 1 test from TunerTest (3 ms total)

[----------] Global test environment tear-down
[==========] 1 test from 1 test suite ran. (3 ms total)
[  PASSED  ] 1 test.
<end of output>
Test time =   0.04 sec
----------------------------------------------------------
Test Passed.
"TunerTest.testSeekCh10timesAfterSetCH" end time: May 17 17:56 대한민국 표준시
"TunerTest.testSeekCh10timesAfterSetCH" time elapsed: 00:00:00
----------------------------------------------------------

4/36 Testing: TunerTest.testSeekChBreakWhenEmpty
4/36 Test: TunerTest.testSeekChBreakWhenEmpty
Command: "C:/DEV/1-15.TDD_TV_10/build/TunerTest.exe" "--gtest_filter=TunerTest.testSeekChBreakWhenEmpty" "--gtest_also_run_disabled_tests"
Directory: C:/DEV/1-15.TDD_TV_10/build
"TunerTest.testSeekChBreakWhenEmpty" start time: May 17 17:56 대한민국 표준시
Output:
----------------------------------------------------------
Running main() from C:\DEV\1-15.TDD_TV_10\build\_deps\googletest-src\googletest\src\gtest_main.cc
Note: Google Test filter = TunerTest.testSeekChBreakWhenEmpty
[==========] Running 1 test from 1 test suite.
[----------] Global test environment set-up.
[----------] 1 test from TunerTest
[ RUN      ] TunerTest.testSeekChBreakWhenEmpty
[       OK ] TunerTest.testSeekChBreakWhenEmpty (0 ms)
[----------] 1 test from TunerTest (0 ms total)

[----------] Global test environment tear-down
[==========] 1 test from 1 test suite ran. (1 ms total)
[  PASSED  ] 1 test.
<end of output>
Test time =   0.03 sec
----------------------------------------------------------
Test Passed.
"TunerTest.testSeekChBreakWhenEmpty" end time: May 17 17:56 대한민국 표준시
"TunerTest.testSeekChBreakWhenEmpty" time elapsed: 00:00:00
----------------------------------------------------------

5/36 Testing: ValidChannels/TunerValidChannelTest.testSetChForValidChannel/"0"
5/36 Test: ValidChannels/TunerValidChannelTest.testSetChForValidChannel/"0"
Command: "C:/DEV/1-15.TDD_TV_10/build/TunerTest.exe" "--gtest_filter=ValidChannels/TunerValidChannelTest.testSetChForValidChannel/0" "--gtest_also_run_disabled_tests"
Directory: C:/DEV/1-15.TDD_TV_10/build
"ValidChannels/TunerValidChannelTest.testSetChForValidChannel/"0"" start time: May 17 17:56 대한민국 표준시
Output:
----------------------------------------------------------
Running main() from C:\DEV\1-15.TDD_TV_10\build\_deps\googletest-src\googletest\src\gtest_main.cc
Note: Google Test filter = ValidChannels/TunerValidChannelTest.testSetChForValidChannel/0
[==========] Running 1 test from 1 test suite.
[----------] Global test environment set-up.
[----------] 1 test from ValidChannels/TunerValidChannelTest
[ RUN      ] ValidChannels/TunerValidChannelTest.testSetChForValidChannel/0
[       OK ] ValidChannels/TunerValidChannelTest.testSetChForValidChannel/0 (1 ms)
[----------] 1 test from ValidChannels/TunerValidChannelTest (1 ms total)

[----------] Global test environment tear-down
[==========] 1 test from 1 test suite ran. (1 ms total)
[  PASSED  ] 1 test.
<end of output>
Test time =   0.03 sec
----------------------------------------------------------
Test Passed.
"ValidChannels/TunerValidChannelTest.testSetChForValidChannel/"0"" end time: May 17 17:56 대한민국 표준시
"ValidChannels/TunerValidChannelTest.testSetChForValidChannel/"0"" time elapsed: 00:00:00
----------------------------------------------------------

6/36 Testing: ValidChannels/TunerValidChannelTest.testSetChForValidChannel/"4"
6/36 Test: ValidChannels/TunerValidChannelTest.testSetChForValidChannel/"4"
Command: "C:/DEV/1-15.TDD_TV_10/build/TunerTest.exe" "--gtest_filter=ValidChannels/TunerValidChannelTest.testSetChForValidChannel/1" "--gtest_also_run_disabled_tests"
Directory: C:/DEV/1-15.TDD_TV_10/build
"ValidChannels/TunerValidChannelTest.testSetChForValidChannel/"4"" start time: May 17 17:56 대한민국 표준시
Output:
----------------------------------------------------------
Running main() from C:\DEV\1-15.TDD_TV_10\build\_deps\googletest-src\googletest\src\gtest_main.cc
Note: Google Test filter = ValidChannels/TunerValidChannelTest.testSetChForValidChannel/1
[==========] Running 1 test from 1 test suite.
[----------] Global test environment set-up.
[----------] 1 test from ValidChannels/TunerValidChannelTest
[ RUN      ] ValidChannels/TunerValidChannelTest.testSetChForValidChannel/1
[       OK ] ValidChannels/TunerValidChannelTest.testSetChForValidChannel/1 (2 ms)
[----------] 1 test from ValidChannels/TunerValidChannelTest (2 ms total)

[----------] Global test environment tear-down
[==========] 1 test from 1 test suite ran. (2 ms total)
[  PASSED  ] 1 test.
<end of output>
Test time =   0.03 sec
----------------------------------------------------------
Test Passed.
"ValidChannels/TunerValidChannelTest.testSetChForValidChannel/"4"" end time: May 17 17:56 대한민국 표준시
"ValidChannels/TunerValidChannelTest.testSetChForValidChannel/"4"" time elapsed: 00:00:00
----------------------------------------------------------

7/36 Testing: ValidChannels/TunerValidChannelTest.testSetChForValidChannel/"5"
7/36 Test: ValidChannels/TunerValidChannelTest.testSetChForValidChannel/"5"
Command: "C:/DEV/1-15.TDD_TV_10/build/TunerTest.exe" "--gtest_filter=ValidChannels/TunerValidChannelTest.testSetChForValidChannel/2" "--gtest_also_run_disabled_tests"
Directory: C:/DEV/1-15.TDD_TV_10/build
"ValidChannels/TunerValidChannelTest.testSetChForValidChannel/"5"" start time: May 17 17:56 대한민국 표준시
Output:
----------------------------------------------------------
Running main() from C:\DEV\1-15.TDD_TV_10\build\_deps\googletest-src\googletest\src\gtest_main.cc
Note: Google Test filter = ValidChannels/TunerValidChannelTest.testSetChForValidChannel/2
[==========] Running 1 test from 1 test suite.
[----------] Global test environment set-up.
[----------] 1 test from ValidChannels/TunerValidChannelTest
[ RUN      ] ValidChannels/TunerValidChannelTest.testSetChForValidChannel/2
[       OK ] ValidChannels/TunerValidChannelTest.testSetChForValidChannel/2 (0 ms)
[----------] 1 test from ValidChannels/TunerValidChannelTest (0 ms total)

[----------] Global test environment tear-down
[==========] 1 test from 1 test suite ran. (0 ms total)
[  PASSED  ] 1 test.
<end of output>
Test time =   0.03 sec
----------------------------------------------------------
Test Passed.
"ValidChannels/TunerValidChannelTest.testSetChForValidChannel/"5"" end time: May 17 17:56 대한민국 표준시
"ValidChannels/TunerValidChannelTest.testSetChForValidChannel/"5"" time elapsed: 00:00:00
----------------------------------------------------------

8/36 Testing: ValidChannels/TunerValidChannelTest.testSetChForValidChannel/"12"
8/36 Test: ValidChannels/TunerValidChannelTest.testSetChForValidChannel/"12"
Command: "C:/DEV/1-15.TDD_TV_10/build/TunerTest.exe" "--gtest_filter=ValidChannels/TunerValidChannelTest.testSetChForValidChannel/3" "--gtest_also_run_disabled_tests"
Directory: C:/DEV/1-15.TDD_TV_10/build
"ValidChannels/TunerValidChannelTest.testSetChForValidChannel/"12"" start time: May 17 17:56 대한민국 표준시
Output:
----------------------------------------------------------
Running main() from C:\DEV\1-15.TDD_TV_10\build\_deps\googletest-src\googletest\src\gtest_main.cc
Note: Google Test filter = ValidChannels/TunerValidChannelTest.testSetChForValidChannel/3
[==========] Running 1 test from 1 test suite.
[----------] Global test environment set-up.
[----------] 1 test from ValidChannels/TunerValidChannelTest
[ RUN      ] ValidChannels/TunerValidChannelTest.testSetChForValidChannel/3
[       OK ] ValidChannels/TunerValidChannelTest.testSetChForValidChannel/3 (0 ms)
[----------] 1 test from ValidChannels/TunerValidChannelTest (0 ms total)

[----------] Global test environment tear-down
[==========] 1 test from 1 test suite ran. (0 ms total)
[  PASSED  ] 1 test.
<end of output>
Test time =   0.03 sec
----------------------------------------------------------
Test Passed.
"ValidChannels/TunerValidChannelTest.testSetChForValidChannel/"12"" end time: May 17 17:56 대한민국 표준시
"ValidChannels/TunerValidChannelTest.testSetChForValidChannel/"12"" time elapsed: 00:00:00
----------------------------------------------------------

9/36 Testing: ValidChannels/TunerValidChannelTest.testSetChForValidChannel/"99"
9/36 Test: ValidChannels/TunerValidChannelTest.testSetChForValidChannel/"99"
Command: "C:/DEV/1-15.TDD_TV_10/build/TunerTest.exe" "--gtest_filter=ValidChannels/TunerValidChannelTest.testSetChForValidChannel/4" "--gtest_also_run_disabled_tests"
Directory: C:/DEV/1-15.TDD_TV_10/build
"ValidChannels/TunerValidChannelTest.testSetChForValidChannel/"99"" start time: May 17 17:56 대한민국 표준시
Output:
----------------------------------------------------------
Running main() from C:\DEV\1-15.TDD_TV_10\build\_deps\googletest-src\googletest\src\gtest_main.cc
Note: Google Test filter = ValidChannels/TunerValidChannelTest.testSetChForValidChannel/4
[==========] Running 1 test from 1 test suite.
[----------] Global test environment set-up.
[----------] 1 test from ValidChannels/TunerValidChannelTest
[ RUN      ] ValidChannels/TunerValidChannelTest.testSetChForValidChannel/4
[       OK ] ValidChannels/TunerValidChannelTest.testSetChForValidChannel/4 (0 ms)
[----------] 1 test from ValidChannels/TunerValidChannelTest (0 ms total)

[----------] Global test environment tear-down
[==========] 1 test from 1 test suite ran. (0 ms total)
[  PASSED  ] 1 test.
<end of output>
Test time =   0.03 sec
----------------------------------------------------------
Test Passed.
"ValidChannels/TunerValidChannelTest.testSetChForValidChannel/"99"" end time: May 17 17:56 대한민국 표준시
"ValidChannels/TunerValidChannelTest.testSetChForValidChannel/"99"" time elapsed: 00:00:00
----------------------------------------------------------

10/36 Testing: InvalidChannels/TunerInvalidChannelTest.testSetChForInvalidChannel/"-12"
10/36 Test: InvalidChannels/TunerInvalidChannelTest.testSetChForInvalidChannel/"-12"
Command: "C:/DEV/1-15.TDD_TV_10/build/TunerTest.exe" "--gtest_filter=InvalidChannels/TunerInvalidChannelTest.testSetChForInvalidChannel/0" "--gtest_also_run_disabled_tests"
Directory: C:/DEV/1-15.TDD_TV_10/build
"InvalidChannels/TunerInvalidChannelTest.testSetChForInvalidChannel/"-12"" start time: May 17 17:56 대한민국 표준시
Output:
----------------------------------------------------------
Running main() from C:\DEV\1-15.TDD_TV_10\build\_deps\googletest-src\googletest\src\gtest_main.cc
Note: Google Test filter = InvalidChannels/TunerInvalidChannelTest.testSetChForInvalidChannel/0
[==========] Running 1 test from 1 test suite.
[----------] Global test environment set-up.
[----------] 1 test from InvalidChannels/TunerInvalidChannelTest
[ RUN      ] InvalidChannels/TunerInvalidChannelTest.testSetChForInvalidChannel/0
[       OK ] InvalidChannels/TunerInvalidChannelTest.testSetChForInvalidChannel/0 (1 ms)
[----------] 1 test from InvalidChannels/TunerInvalidChannelTest (2 ms total)

[----------] Global test environment tear-down
[==========] 1 test from 1 test suite ran. (2 ms total)
[  PASSED  ] 1 test.
<end of output>
Test time =   0.03 sec
----------------------------------------------------------
Test Passed.
"InvalidChannels/TunerInvalidChannelTest.testSetChForInvalidChannel/"-12"" end time: May 17 17:56 대한민국 표준시
"InvalidChannels/TunerInvalidChannelTest.testSetChForInvalidChannel/"-12"" time elapsed: 00:00:00
----------------------------------------------------------

11/36 Testing: InvalidChannels/TunerInvalidChannelTest.testSetChForInvalidChannel/"-2"
11/36 Test: InvalidChannels/TunerInvalidChannelTest.testSetChForInvalidChannel/"-2"
Command: "C:/DEV/1-15.TDD_TV_10/build/TunerTest.exe" "--gtest_filter=InvalidChannels/TunerInvalidChannelTest.testSetChForInvalidChannel/1" "--gtest_also_run_disabled_tests"
Directory: C:/DEV/1-15.TDD_TV_10/build
"InvalidChannels/TunerInvalidChannelTest.testSetChForInvalidChannel/"-2"" start time: May 17 17:56 대한민국 표준시
Output:
----------------------------------------------------------
Running main() from C:\DEV\1-15.TDD_TV_10\build\_deps\googletest-src\googletest\src\gtest_main.cc
Note: Google Test filter = InvalidChannels/TunerInvalidChannelTest.testSetChForInvalidChannel/1
[==========] Running 1 test from 1 test suite.
[----------] Global test environment set-up.
[----------] 1 test from InvalidChannels/TunerInvalidChannelTest
[ RUN      ] InvalidChannels/TunerInvalidChannelTest.testSetChForInvalidChannel/1
[       OK ] InvalidChannels/TunerInvalidChannelTest.testSetChForInvalidChannel/1 (1 ms)
[----------] 1 test from InvalidChannels/TunerInvalidChannelTest (1 ms total)

[----------] Global test environment tear-down
[==========] 1 test from 1 test suite ran. (1 ms total)
[  PASSED  ] 1 test.
<end of output>
Test time =   0.04 sec
----------------------------------------------------------
Test Passed.
"InvalidChannels/TunerInvalidChannelTest.testSetChForInvalidChannel/"-2"" end time: May 17 17:56 대한민국 표준시
"InvalidChannels/TunerInvalidChannelTest.testSetChForInvalidChannel/"-2"" time elapsed: 00:00:00
----------------------------------------------------------

12/36 Testing: InvalidChannels/TunerInvalidChannelTest.testSetChForInvalidChannel/"-0"
12/36 Test: InvalidChannels/TunerInvalidChannelTest.testSetChForInvalidChannel/"-0"
Command: "C:/DEV/1-15.TDD_TV_10/build/TunerTest.exe" "--gtest_filter=InvalidChannels/TunerInvalidChannelTest.testSetChForInvalidChannel/2" "--gtest_also_run_disabled_tests"
Directory: C:/DEV/1-15.TDD_TV_10/build
"InvalidChannels/TunerInvalidChannelTest.testSetChForInvalidChannel/"-0"" start time: May 17 17:56 대한민국 표준시
Output:
----------------------------------------------------------
Running main() from C:\DEV\1-15.TDD_TV_10\build\_deps\googletest-src\googletest\src\gtest_main.cc
Note: Google Test filter = InvalidChannels/TunerInvalidChannelTest.testSetChForInvalidChannel/2
[==========] Running 1 test from 1 test suite.
[----------] Global test environment set-up.
[----------] 1 test from InvalidChannels/TunerInvalidChannelTest
[ RUN      ] InvalidChannels/TunerInvalidChannelTest.testSetChForInvalidChannel/2
[       OK ] InvalidChannels/TunerInvalidChannelTest.testSetChForInvalidChannel/2 (0 ms)
[----------] 1 test from InvalidChannels/TunerInvalidChannelTest (0 ms total)

[----------] Global test environment tear-down
[==========] 1 test from 1 test suite ran. (1 ms total)
[  PASSED  ] 1 test.
<end of output>
Test time =   0.03 sec
----------------------------------------------------------
Test Passed.
"InvalidChannels/TunerInvalidChannelTest.testSetChForInvalidChannel/"-0"" end time: May 17 17:56 대한민국 표준시
"InvalidChannels/TunerInvalidChannelTest.testSetChForInvalidChannel/"-0"" time elapsed: 00:00:00
----------------------------------------------------------

13/36 Testing: InvalidChannels/TunerInvalidChannelTest.testSetChForInvalidChannel/"100"
13/36 Test: InvalidChannels/TunerInvalidChannelTest.testSetChForInvalidChannel/"100"
Command: "C:/DEV/1-15.TDD_TV_10/build/TunerTest.exe" "--gtest_filter=InvalidChannels/TunerInvalidChannelTest.testSetChForInvalidChannel/3" "--gtest_also_run_disabled_tests"
Directory: C:/DEV/1-15.TDD_TV_10/build
"InvalidChannels/TunerInvalidChannelTest.testSetChForInvalidChannel/"100"" start time: May 17 17:56 대한민국 표준시
Output:
----------------------------------------------------------
Running main() from C:\DEV\1-15.TDD_TV_10\build\_deps\googletest-src\googletest\src\gtest_main.cc
Note: Google Test filter = InvalidChannels/TunerInvalidChannelTest.testSetChForInvalidChannel/3
[==========] Running 1 test from 1 test suite.
[----------] Global test environment set-up.
[----------] 1 test from InvalidChannels/TunerInvalidChannelTest
[ RUN      ] InvalidChannels/TunerInvalidChannelTest.testSetChForInvalidChannel/3
[       OK ] InvalidChannels/TunerInvalidChannelTest.testSetChForInvalidChannel/3 (1 ms)
[----------] 1 test from InvalidChannels/TunerInvalidChannelTest (1 ms total)

[----------] Global test environment tear-down
[==========] 1 test from 1 test suite ran. (1 ms total)
[  PASSED  ] 1 test.
<end of output>
Test time =   0.03 sec
----------------------------------------------------------
Test Passed.
"InvalidChannels/TunerInvalidChannelTest.testSetChForInvalidChannel/"100"" end time: May 17 17:56 대한민국 표준시
"InvalidChannels/TunerInvalidChannelTest.testSetChForInvalidChannel/"100"" time elapsed: 00:00:00
----------------------------------------------------------

14/36 Testing: InvalidChannels/TunerInvalidChannelTest.testSetChForInvalidChannel/"9999"
14/36 Test: InvalidChannels/TunerInvalidChannelTest.testSetChForInvalidChannel/"9999"
Command: "C:/DEV/1-15.TDD_TV_10/build/TunerTest.exe" "--gtest_filter=InvalidChannels/TunerInvalidChannelTest.testSetChForInvalidChannel/4" "--gtest_also_run_disabled_tests"
Directory: C:/DEV/1-15.TDD_TV_10/build
"InvalidChannels/TunerInvalidChannelTest.testSetChForInvalidChannel/"9999"" start time: May 17 17:56 대한민국 표준시
Output:
----------------------------------------------------------
Running main() from C:\DEV\1-15.TDD_TV_10\build\_deps\googletest-src\googletest\src\gtest_main.cc
Note: Google Test filter = InvalidChannels/TunerInvalidChannelTest.testSetChForInvalidChannel/4
[==========] Running 1 test from 1 test suite.
[----------] Global test environment set-up.
[----------] 1 test from InvalidChannels/TunerInvalidChannelTest
[ RUN      ] InvalidChannels/TunerInvalidChannelTest.testSetChForInvalidChannel/4
[       OK ] InvalidChannels/TunerInvalidChannelTest.testSetChForInvalidChannel/4 (0 ms)
[----------] 1 test from InvalidChannels/TunerInvalidChannelTest (1 ms total)

[----------] Global test environment tear-down
[==========] 1 test from 1 test suite ran. (1 ms total)
[  PASSED  ] 1 test.
<end of output>
Test time =   0.03 sec
----------------------------------------------------------
Test Passed.
"InvalidChannels/TunerInvalidChannelTest.testSetChForInvalidChannel/"9999"" end time: May 17 17:56 대한민국 표준시
"InvalidChannels/TunerInvalidChannelTest.testSetChForInvalidChannel/"9999"" time elapsed: 00:00:00
----------------------------------------------------------

15/36 Testing: ControllerTest.OneDigitWithConfirm
15/36 Test: ControllerTest.OneDigitWithConfirm
Command: "C:/DEV/1-15.TDD_TV_10/build/TVControllerTest.exe" "--gtest_filter=ControllerTest.OneDigitWithConfirm" "--gtest_also_run_disabled_tests"
Directory: C:/DEV/1-15.TDD_TV_10/build
"ControllerTest.OneDigitWithConfirm" start time: May 17 17:56 대한민국 표준시
Output:
----------------------------------------------------------
Running main() from C:\DEV\1-15.TDD_TV_10\build\_deps\googletest-src\googletest\src\gtest_main.cc
Note: Google Test filter = ControllerTest.OneDigitWithConfirm
[==========] Running 1 test from 1 test suite.
[----------] Global test environment set-up.
[----------] 1 test from ControllerTest
[ RUN      ] ControllerTest.OneDigitWithConfirm
[       OK ] ControllerTest.OneDigitWithConfirm (1 ms)
[----------] 1 test from ControllerTest (2 ms total)

[----------] Global test environment tear-down
[==========] 1 test from 1 test suite ran. (4 ms total)
[  PASSED  ] 1 test.
<end of output>
Test time =   0.04 sec
----------------------------------------------------------
Test Passed.
"ControllerTest.OneDigitWithConfirm" end time: May 17 17:56 대한민국 표준시
"ControllerTest.OneDigitWithConfirm" time elapsed: 00:00:00
----------------------------------------------------------

16/36 Testing: ControllerTest.TwoDigitAutoChange
16/36 Test: ControllerTest.TwoDigitAutoChange
Command: "C:/DEV/1-15.TDD_TV_10/build/TVControllerTest.exe" "--gtest_filter=ControllerTest.TwoDigitAutoChange" "--gtest_also_run_disabled_tests"
Directory: C:/DEV/1-15.TDD_TV_10/build
"ControllerTest.TwoDigitAutoChange" start time: May 17 17:56 대한민국 표준시
Output:
----------------------------------------------------------
Running main() from C:\DEV\1-15.TDD_TV_10\build\_deps\googletest-src\googletest\src\gtest_main.cc
Note: Google Test filter = ControllerTest.TwoDigitAutoChange
[==========] Running 1 test from 1 test suite.
[----------] Global test environment set-up.
[----------] 1 test from ControllerTest
[ RUN      ] ControllerTest.TwoDigitAutoChange
[       OK ] ControllerTest.TwoDigitAutoChange (1 ms)
[----------] 1 test from ControllerTest (2 ms total)

[----------] Global test environment tear-down
[==========] 1 test from 1 test suite ran. (4 ms total)
[  PASSED  ] 1 test.
<end of output>
Test time =   0.03 sec
----------------------------------------------------------
Test Passed.
"ControllerTest.TwoDigitAutoChange" end time: May 17 17:56 대한민국 표준시
"ControllerTest.TwoDigitAutoChange" time elapsed: 00:00:00
----------------------------------------------------------

17/36 Testing: ControllerTest.ThreeDigitInputBehavior
17/36 Test: ControllerTest.ThreeDigitInputBehavior
Command: "C:/DEV/1-15.TDD_TV_10/build/TVControllerTest.exe" "--gtest_filter=ControllerTest.ThreeDigitInputBehavior" "--gtest_also_run_disabled_tests"
Directory: C:/DEV/1-15.TDD_TV_10/build
"ControllerTest.ThreeDigitInputBehavior" start time: May 17 17:56 대한민국 표준시
Output:
----------------------------------------------------------
Running main() from C:\DEV\1-15.TDD_TV_10\build\_deps\googletest-src\googletest\src\gtest_main.cc
Note: Google Test filter = ControllerTest.ThreeDigitInputBehavior
[==========] Running 1 test from 1 test suite.
[----------] Global test environment set-up.
[----------] 1 test from ControllerTest
[ RUN      ] ControllerTest.ThreeDigitInputBehavior
[       OK ] ControllerTest.ThreeDigitInputBehavior (0 ms)
[----------] 1 test from ControllerTest (0 ms total)

[----------] Global test environment tear-down
[==========] 1 test from 1 test suite ran. (0 ms total)
[  PASSED  ] 1 test.
<end of output>
Test time =   0.03 sec
----------------------------------------------------------
Test Passed.
"ControllerTest.ThreeDigitInputBehavior" end time: May 17 17:56 대한민국 표준시
"ControllerTest.ThreeDigitInputBehavior" time elapsed: 00:00:00
----------------------------------------------------------

18/36 Testing: ControllerTest.LeadingZeroTwoDigit
18/36 Test: ControllerTest.LeadingZeroTwoDigit
Command: "C:/DEV/1-15.TDD_TV_10/build/TVControllerTest.exe" "--gtest_filter=ControllerTest.LeadingZeroTwoDigit" "--gtest_also_run_disabled_tests"
Directory: C:/DEV/1-15.TDD_TV_10/build
"ControllerTest.LeadingZeroTwoDigit" start time: May 17 17:56 대한민국 표준시
Output:
----------------------------------------------------------
Running main() from C:\DEV\1-15.TDD_TV_10\build\_deps\googletest-src\googletest\src\gtest_main.cc
Note: Google Test filter = ControllerTest.LeadingZeroTwoDigit
[==========] Running 1 test from 1 test suite.
[----------] Global test environment set-up.
[----------] 1 test from ControllerTest
[ RUN      ] ControllerTest.LeadingZeroTwoDigit
[       OK ] ControllerTest.LeadingZeroTwoDigit (0 ms)
[----------] 1 test from ControllerTest (0 ms total)

[----------] Global test environment tear-down
[==========] 1 test from 1 test suite ran. (0 ms total)
[  PASSED  ] 1 test.
<end of output>
Test time =   0.03 sec
----------------------------------------------------------
Test Passed.
"ControllerTest.LeadingZeroTwoDigit" end time: May 17 17:56 대한민국 표준시
"ControllerTest.LeadingZeroTwoDigit" time elapsed: 00:00:00
----------------------------------------------------------

19/36 Testing: ControllerTest.FourDigitInput
19/36 Test: ControllerTest.FourDigitInput
Command: "C:/DEV/1-15.TDD_TV_10/build/TVControllerTest.exe" "--gtest_filter=ControllerTest.FourDigitInput" "--gtest_also_run_disabled_tests"
Directory: C:/DEV/1-15.TDD_TV_10/build
"ControllerTest.FourDigitInput" start time: May 17 17:56 대한민국 표준시
Output:
----------------------------------------------------------
Running main() from C:\DEV\1-15.TDD_TV_10\build\_deps\googletest-src\googletest\src\gtest_main.cc
Note: Google Test filter = ControllerTest.FourDigitInput
[==========] Running 1 test from 1 test suite.
[----------] Global test environment set-up.
[----------] 1 test from ControllerTest
[ RUN      ] ControllerTest.FourDigitInput
[       OK ] ControllerTest.FourDigitInput (0 ms)
[----------] 1 test from ControllerTest (0 ms total)

[----------] Global test environment tear-down
[==========] 1 test from 1 test suite ran. (0 ms total)
[  PASSED  ] 1 test.
<end of output>
Test time =   0.03 sec
----------------------------------------------------------
Test Passed.
"ControllerTest.FourDigitInput" end time: May 17 17:56 대한민국 표준시
"ControllerTest.FourDigitInput" time elapsed: 00:00:00
----------------------------------------------------------

20/36 Testing: ControllerTest.BoundaryChannel99
20/36 Test: ControllerTest.BoundaryChannel99
Command: "C:/DEV/1-15.TDD_TV_10/build/TVControllerTest.exe" "--gtest_filter=ControllerTest.BoundaryChannel99" "--gtest_also_run_disabled_tests"
Directory: C:/DEV/1-15.TDD_TV_10/build
"ControllerTest.BoundaryChannel99" start time: May 17 17:56 대한민국 표준시
Output:
----------------------------------------------------------
Running main() from C:\DEV\1-15.TDD_TV_10\build\_deps\googletest-src\googletest\src\gtest_main.cc
Note: Google Test filter = ControllerTest.BoundaryChannel99
[==========] Running 1 test from 1 test suite.
[----------] Global test environment set-up.
[----------] 1 test from ControllerTest
[ RUN      ] ControllerTest.BoundaryChannel99
[       OK ] ControllerTest.BoundaryChannel99 (0 ms)
[----------] 1 test from ControllerTest (0 ms total)

[----------] Global test environment tear-down
[==========] 1 test from 1 test suite ran. (0 ms total)
[  PASSED  ] 1 test.
<end of output>
Test time =   0.03 sec
----------------------------------------------------------
Test Passed.
"ControllerTest.BoundaryChannel99" end time: May 17 17:56 대한민국 표준시
"ControllerTest.BoundaryChannel99" time elapsed: 00:00:00
----------------------------------------------------------

21/36 Testing: ControllerTest.BoundaryChannel00
21/36 Test: ControllerTest.BoundaryChannel00
Command: "C:/DEV/1-15.TDD_TV_10/build/TVControllerTest.exe" "--gtest_filter=ControllerTest.BoundaryChannel00" "--gtest_also_run_disabled_tests"
Directory: C:/DEV/1-15.TDD_TV_10/build
"ControllerTest.BoundaryChannel00" start time: May 17 17:56 대한민국 표준시
Output:
----------------------------------------------------------
Running main() from C:\DEV\1-15.TDD_TV_10\build\_deps\googletest-src\googletest\src\gtest_main.cc
Note: Google Test filter = ControllerTest.BoundaryChannel00
[==========] Running 1 test from 1 test suite.
[----------] Global test environment set-up.
[----------] 1 test from ControllerTest
[ RUN      ] ControllerTest.BoundaryChannel00
[       OK ] ControllerTest.BoundaryChannel00 (0 ms)
[----------] 1 test from ControllerTest (0 ms total)

[----------] Global test environment tear-down
[==========] 1 test from 1 test suite ran. (0 ms total)
[  PASSED  ] 1 test.
<end of output>
Test time =   0.03 sec
----------------------------------------------------------
Test Passed.
"ControllerTest.BoundaryChannel00" end time: May 17 17:56 대한민국 표준시
"ControllerTest.BoundaryChannel00" time elapsed: 00:00:00
----------------------------------------------------------

22/36 Testing: ControllerTest.BoundaryChannel09
22/36 Test: ControllerTest.BoundaryChannel09
Command: "C:/DEV/1-15.TDD_TV_10/build/TVControllerTest.exe" "--gtest_filter=ControllerTest.BoundaryChannel09" "--gtest_also_run_disabled_tests"
Directory: C:/DEV/1-15.TDD_TV_10/build
"ControllerTest.BoundaryChannel09" start time: May 17 17:56 대한민국 표준시
Output:
----------------------------------------------------------
Running main() from C:\DEV\1-15.TDD_TV_10\build\_deps\googletest-src\googletest\src\gtest_main.cc
Note: Google Test filter = ControllerTest.BoundaryChannel09
[==========] Running 1 test from 1 test suite.
[----------] Global test environment set-up.
[----------] 1 test from ControllerTest
[ RUN      ] ControllerTest.BoundaryChannel09
[       OK ] ControllerTest.BoundaryChannel09 (0 ms)
[----------] 1 test from ControllerTest (0 ms total)

[----------] Global test environment tear-down
[==========] 1 test from 1 test suite ran. (0 ms total)
[  PASSED  ] 1 test.
<end of output>
Test time =   0.03 sec
----------------------------------------------------------
Test Passed.
"ControllerTest.BoundaryChannel09" end time: May 17 17:56 대한민국 표준시
"ControllerTest.BoundaryChannel09" time elapsed: 00:00:00
----------------------------------------------------------

23/36 Testing: ControllerTest.OtherButtonClearsBuffer
23/36 Test: ControllerTest.OtherButtonClearsBuffer
Command: "C:/DEV/1-15.TDD_TV_10/build/TVControllerTest.exe" "--gtest_filter=ControllerTest.OtherButtonClearsBuffer" "--gtest_also_run_disabled_tests"
Directory: C:/DEV/1-15.TDD_TV_10/build
"ControllerTest.OtherButtonClearsBuffer" start time: May 17 17:56 대한민국 표준시
Output:
----------------------------------------------------------
Running main() from C:\DEV\1-15.TDD_TV_10\build\_deps\googletest-src\googletest\src\gtest_main.cc
Note: Google Test filter = ControllerTest.OtherButtonClearsBuffer
[==========] Running 1 test from 1 test suite.
[----------] Global test environment set-up.
[----------] 1 test from ControllerTest
[ RUN      ] ControllerTest.OtherButtonClearsBuffer
[       OK ] ControllerTest.OtherButtonClearsBuffer (0 ms)
[----------] 1 test from ControllerTest (0 ms total)

[----------] Global test environment tear-down
[==========] 1 test from 1 test suite ran. (0 ms total)
[  PASSED  ] 1 test.
<end of output>
Test time =   0.03 sec
----------------------------------------------------------
Test Passed.
"ControllerTest.OtherButtonClearsBuffer" end time: May 17 17:56 대한민국 표준시
"ControllerTest.OtherButtonClearsBuffer" time elapsed: 00:00:00
----------------------------------------------------------

24/36 Testing: ControllerTest.SeekCHCall
24/36 Test: ControllerTest.SeekCHCall
Command: "C:/DEV/1-15.TDD_TV_10/build/TVControllerTest.exe" "--gtest_filter=ControllerTest.SeekCHCall" "--gtest_also_run_disabled_tests"
Directory: C:/DEV/1-15.TDD_TV_10/build
"ControllerTest.SeekCHCall" start time: May 17 17:56 대한민국 표준시
Output:
----------------------------------------------------------
Running main() from C:\DEV\1-15.TDD_TV_10\build\_deps\googletest-src\googletest\src\gtest_main.cc
Note: Google Test filter = ControllerTest.SeekCHCall
[==========] Running 1 test from 1 test suite.
[----------] Global test environment set-up.
[----------] 1 test from ControllerTest
[ RUN      ] ControllerTest.SeekCHCall
[       OK ] ControllerTest.SeekCHCall (0 ms)
[----------] 1 test from ControllerTest (0 ms total)

[----------] Global test environment tear-down
[==========] 1 test from 1 test suite ran. (0 ms total)
[  PASSED  ] 1 test.
<end of output>
Test time =   0.03 sec
----------------------------------------------------------
Test Passed.
"ControllerTest.SeekCHCall" end time: May 17 17:56 대한민국 표준시
"ControllerTest.SeekCHCall" time elapsed: 00:00:00
----------------------------------------------------------

25/36 Testing: ControllerTest.ToggleFavoriteChannel
25/36 Test: ControllerTest.ToggleFavoriteChannel
Command: "C:/DEV/1-15.TDD_TV_10/build/TVControllerTest.exe" "--gtest_filter=ControllerTest.ToggleFavoriteChannel" "--gtest_also_run_disabled_tests"
Directory: C:/DEV/1-15.TDD_TV_10/build
"ControllerTest.ToggleFavoriteChannel" start time: May 17 17:56 대한민국 표준시
Output:
----------------------------------------------------------
Running main() from C:\DEV\1-15.TDD_TV_10\build\_deps\googletest-src\googletest\src\gtest_main.cc
Note: Google Test filter = ControllerTest.ToggleFavoriteChannel
[==========] Running 1 test from 1 test suite.
[----------] Global test environment set-up.
[----------] 1 test from ControllerTest
[ RUN      ] ControllerTest.ToggleFavoriteChannel
[       OK ] ControllerTest.ToggleFavoriteChannel (0 ms)
[----------] 1 test from ControllerTest (0 ms total)

[----------] Global test environment tear-down
[==========] 1 test from 1 test suite ran. (0 ms total)
[  PASSED  ] 1 test.
<end of output>
Test time =   0.03 sec
----------------------------------------------------------
Test Passed.
"ControllerTest.ToggleFavoriteChannel" end time: May 17 17:56 대한민국 표준시
"ControllerTest.ToggleFavoriteChannel" time elapsed: 00:00:00
----------------------------------------------------------

26/36 Testing: ControllerTest.FavoritesAreSorted
26/36 Test: ControllerTest.FavoritesAreSorted
Command: "C:/DEV/1-15.TDD_TV_10/build/TVControllerTest.exe" "--gtest_filter=ControllerTest.FavoritesAreSorted" "--gtest_also_run_disabled_tests"
Directory: C:/DEV/1-15.TDD_TV_10/build
"ControllerTest.FavoritesAreSorted" start time: May 17 17:56 대한민국 표준시
Output:
----------------------------------------------------------
Running main() from C:\DEV\1-15.TDD_TV_10\build\_deps\googletest-src\googletest\src\gtest_main.cc
Note: Google Test filter = ControllerTest.FavoritesAreSorted
[==========] Running 1 test from 1 test suite.
[----------] Global test environment set-up.
[----------] 1 test from ControllerTest
[ RUN      ] ControllerTest.FavoritesAreSorted
[       OK ] ControllerTest.FavoritesAreSorted (0 ms)
[----------] 1 test from ControllerTest (0 ms total)

[----------] Global test environment tear-down
[==========] 1 test from 1 test suite ran. (1 ms total)
[  PASSED  ] 1 test.
<end of output>
Test time =   0.03 sec
----------------------------------------------------------
Test Passed.
"ControllerTest.FavoritesAreSorted" end time: May 17 17:56 대한민국 표준시
"ControllerTest.FavoritesAreSorted" time elapsed: 00:00:00
----------------------------------------------------------

27/36 Testing: ControllerTest.MoveToNextFavorite
27/36 Test: ControllerTest.MoveToNextFavorite
Command: "C:/DEV/1-15.TDD_TV_10/build/TVControllerTest.exe" "--gtest_filter=ControllerTest.MoveToNextFavorite" "--gtest_also_run_disabled_tests"
Directory: C:/DEV/1-15.TDD_TV_10/build
"ControllerTest.MoveToNextFavorite" start time: May 17 17:56 대한민국 표준시
Output:
----------------------------------------------------------
Running main() from C:\DEV\1-15.TDD_TV_10\build\_deps\googletest-src\googletest\src\gtest_main.cc
Note: Google Test filter = ControllerTest.MoveToNextFavorite
[==========] Running 1 test from 1 test suite.
[----------] Global test environment set-up.
[----------] 1 test from ControllerTest
[ RUN      ] ControllerTest.MoveToNextFavorite
[       OK ] ControllerTest.MoveToNextFavorite (0 ms)
[----------] 1 test from ControllerTest (0 ms total)

[----------] Global test environment tear-down
[==========] 1 test from 1 test suite ran. (0 ms total)
[  PASSED  ] 1 test.
<end of output>
Test time =   0.03 sec
----------------------------------------------------------
Test Passed.
"ControllerTest.MoveToNextFavorite" end time: May 17 17:56 대한민국 표준시
"ControllerTest.MoveToNextFavorite" time elapsed: 00:00:00
----------------------------------------------------------

28/36 Testing: ControllerTest.NextFavoriteFromNonFavoriteChannel
28/36 Test: ControllerTest.NextFavoriteFromNonFavoriteChannel
Command: "C:/DEV/1-15.TDD_TV_10/build/TVControllerTest.exe" "--gtest_filter=ControllerTest.NextFavoriteFromNonFavoriteChannel" "--gtest_also_run_disabled_tests"
Directory: C:/DEV/1-15.TDD_TV_10/build
"ControllerTest.NextFavoriteFromNonFavoriteChannel" start time: May 17 17:56 대한민국 표준시
Output:
----------------------------------------------------------
Running main() from C:\DEV\1-15.TDD_TV_10\build\_deps\googletest-src\googletest\src\gtest_main.cc
Note: Google Test filter = ControllerTest.NextFavoriteFromNonFavoriteChannel
[==========] Running 1 test from 1 test suite.
[----------] Global test environment set-up.
[----------] 1 test from ControllerTest
[ RUN      ] ControllerTest.NextFavoriteFromNonFavoriteChannel
[       OK ] ControllerTest.NextFavoriteFromNonFavoriteChannel (0 ms)
[----------] 1 test from ControllerTest (0 ms total)

[----------] Global test environment tear-down
[==========] 1 test from 1 test suite ran. (0 ms total)
[  PASSED  ] 1 test.
<end of output>
Test time =   0.03 sec
----------------------------------------------------------
Test Passed.
"ControllerTest.NextFavoriteFromNonFavoriteChannel" end time: May 17 17:56 대한민국 표준시
"ControllerTest.NextFavoriteFromNonFavoriteChannel" time elapsed: 00:00:00
----------------------------------------------------------

29/36 Testing: ControllerTest.NextFavoriteWithEmptyListDoesNothing
29/36 Test: ControllerTest.NextFavoriteWithEmptyListDoesNothing
Command: "C:/DEV/1-15.TDD_TV_10/build/TVControllerTest.exe" "--gtest_filter=ControllerTest.NextFavoriteWithEmptyListDoesNothing" "--gtest_also_run_disabled_tests"
Directory: C:/DEV/1-15.TDD_TV_10/build
"ControllerTest.NextFavoriteWithEmptyListDoesNothing" start time: May 17 17:56 대한민국 표준시
Output:
----------------------------------------------------------
Running main() from C:\DEV\1-15.TDD_TV_10\build\_deps\googletest-src\googletest\src\gtest_main.cc
Note: Google Test filter = ControllerTest.NextFavoriteWithEmptyListDoesNothing
[==========] Running 1 test from 1 test suite.
[----------] Global test environment set-up.
[----------] 1 test from ControllerTest
[ RUN      ] ControllerTest.NextFavoriteWithEmptyListDoesNothing
[       OK ] ControllerTest.NextFavoriteWithEmptyListDoesNothing (0 ms)
[----------] 1 test from ControllerTest (0 ms total)

[----------] Global test environment tear-down
[==========] 1 test from 1 test suite ran. (0 ms total)
[  PASSED  ] 1 test.
<end of output>
Test time =   0.03 sec
----------------------------------------------------------
Test Passed.
"ControllerTest.NextFavoriteWithEmptyListDoesNothing" end time: May 17 17:56 대한민국 표준시
"ControllerTest.NextFavoriteWithEmptyListDoesNothing" time elapsed: 00:00:00
----------------------------------------------------------

30/36 Testing: ControllerTest.ChannelUpDownWithoutFavorites
30/36 Test: ControllerTest.ChannelUpDownWithoutFavorites
Command: "C:/DEV/1-15.TDD_TV_10/build/TVControllerTest.exe" "--gtest_filter=ControllerTest.ChannelUpDownWithoutFavorites" "--gtest_also_run_disabled_tests"
Directory: C:/DEV/1-15.TDD_TV_10/build
"ControllerTest.ChannelUpDownWithoutFavorites" start time: May 17 17:56 대한민국 표준시
Output:
----------------------------------------------------------
Running main() from C:\DEV\1-15.TDD_TV_10\build\_deps\googletest-src\googletest\src\gtest_main.cc
Note: Google Test filter = ControllerTest.ChannelUpDownWithoutFavorites
[==========] Running 1 test from 1 test suite.
[----------] Global test environment set-up.
[----------] 1 test from ControllerTest
[ RUN      ] ControllerTest.ChannelUpDownWithoutFavorites
[       OK ] ControllerTest.ChannelUpDownWithoutFavorites (0 ms)
[----------] 1 test from ControllerTest (0 ms total)

[----------] Global test environment tear-down
[==========] 1 test from 1 test suite ran. (0 ms total)
[  PASSED  ] 1 test.
<end of output>
Test time =   0.03 sec
----------------------------------------------------------
Test Passed.
"ControllerTest.ChannelUpDownWithoutFavorites" end time: May 17 17:56 대한민국 표준시
"ControllerTest.ChannelUpDownWithoutFavorites" time elapsed: 00:00:00
----------------------------------------------------------

31/36 Testing: ControllerTest.ChannelUpDownWithFavorites
31/36 Test: ControllerTest.ChannelUpDownWithFavorites
Command: "C:/DEV/1-15.TDD_TV_10/build/TVControllerTest.exe" "--gtest_filter=ControllerTest.ChannelUpDownWithFavorites" "--gtest_also_run_disabled_tests"
Directory: C:/DEV/1-15.TDD_TV_10/build
"ControllerTest.ChannelUpDownWithFavorites" start time: May 17 17:56 대한민국 표준시
Output:
----------------------------------------------------------
Running main() from C:\DEV\1-15.TDD_TV_10\build\_deps\googletest-src\googletest\src\gtest_main.cc
Note: Google Test filter = ControllerTest.ChannelUpDownWithFavorites
[==========] Running 1 test from 1 test suite.
[----------] Global test environment set-up.
[----------] 1 test from ControllerTest
[ RUN      ] ControllerTest.ChannelUpDownWithFavorites
[       OK ] ControllerTest.ChannelUpDownWithFavorites (0 ms)
[----------] 1 test from ControllerTest (0 ms total)

[----------] Global test environment tear-down
[==========] 1 test from 1 test suite ran. (0 ms total)
[  PASSED  ] 1 test.
<end of output>
Test time =   0.03 sec
----------------------------------------------------------
Test Passed.
"ControllerTest.ChannelUpDownWithFavorites" end time: May 17 17:56 대한민국 표준시
"ControllerTest.ChannelUpDownWithFavorites" time elapsed: 00:00:00
----------------------------------------------------------

32/36 Testing: ControllerTest.TunerSetCHValid
32/36 Test: ControllerTest.TunerSetCHValid
Command: "C:/DEV/1-15.TDD_TV_10/build/TVControllerTest.exe" "--gtest_filter=ControllerTest.TunerSetCHValid" "--gtest_also_run_disabled_tests"
Directory: C:/DEV/1-15.TDD_TV_10/build
"ControllerTest.TunerSetCHValid" start time: May 17 17:56 대한민국 표준시
Output:
----------------------------------------------------------
Running main() from C:\DEV\1-15.TDD_TV_10\build\_deps\googletest-src\googletest\src\gtest_main.cc
Note: Google Test filter = ControllerTest.TunerSetCHValid
[==========] Running 1 test from 1 test suite.
[----------] Global test environment set-up.
[----------] 1 test from ControllerTest
[ RUN      ] ControllerTest.TunerSetCHValid
[       OK ] ControllerTest.TunerSetCHValid (0 ms)
[----------] 1 test from ControllerTest (0 ms total)

[----------] Global test environment tear-down
[==========] 1 test from 1 test suite ran. (0 ms total)
[  PASSED  ] 1 test.
<end of output>
Test time =   0.03 sec
----------------------------------------------------------
Test Passed.
"ControllerTest.TunerSetCHValid" end time: May 17 17:56 대한민국 표준시
"ControllerTest.TunerSetCHValid" time elapsed: 00:00:00
----------------------------------------------------------

33/36 Testing: ControllerTest.TunerSetCHInvalid
33/36 Test: ControllerTest.TunerSetCHInvalid
Command: "C:/DEV/1-15.TDD_TV_10/build/TVControllerTest.exe" "--gtest_filter=ControllerTest.TunerSetCHInvalid" "--gtest_also_run_disabled_tests"
Directory: C:/DEV/1-15.TDD_TV_10/build
"ControllerTest.TunerSetCHInvalid" start time: May 17 17:56 대한민국 표준시
Output:
----------------------------------------------------------
Running main() from C:\DEV\1-15.TDD_TV_10\build\_deps\googletest-src\googletest\src\gtest_main.cc
Note: Google Test filter = ControllerTest.TunerSetCHInvalid
[==========] Running 1 test from 1 test suite.
[----------] Global test environment set-up.
[----------] 1 test from ControllerTest
[ RUN      ] ControllerTest.TunerSetCHInvalid
[       OK ] ControllerTest.TunerSetCHInvalid (0 ms)
[----------] 1 test from ControllerTest (0 ms total)

[----------] Global test environment tear-down
[==========] 1 test from 1 test suite ran. (0 ms total)
[  PASSED  ] 1 test.
<end of output>
Test time =   0.06 sec
----------------------------------------------------------
Test Passed.
"ControllerTest.TunerSetCHInvalid" end time: May 17 17:56 대한민국 표준시
"ControllerTest.TunerSetCHInvalid" time elapsed: 00:00:00
----------------------------------------------------------

34/36 Testing: ControllerTest.TunerSeekCHWrapAround
34/36 Test: ControllerTest.TunerSeekCHWrapAround
Command: "C:/DEV/1-15.TDD_TV_10/build/TVControllerTest.exe" "--gtest_filter=ControllerTest.TunerSeekCHWrapAround" "--gtest_also_run_disabled_tests"
Directory: C:/DEV/1-15.TDD_TV_10/build
"ControllerTest.TunerSeekCHWrapAround" start time: May 17 17:56 대한민국 표준시
Output:
----------------------------------------------------------
Running main() from C:\DEV\1-15.TDD_TV_10\build\_deps\googletest-src\googletest\src\gtest_main.cc
Note: Google Test filter = ControllerTest.TunerSeekCHWrapAround
[==========] Running 1 test from 1 test suite.
[----------] Global test environment set-up.
[----------] 1 test from ControllerTest
[ RUN      ] ControllerTest.TunerSeekCHWrapAround
[       OK ] ControllerTest.TunerSeekCHWrapAround (0 ms)
[----------] 1 test from ControllerTest (0 ms total)

[----------] Global test environment tear-down
[==========] 1 test from 1 test suite ran. (0 ms total)
[  PASSED  ] 1 test.
<end of output>
Test time =   0.03 sec
----------------------------------------------------------
Test Passed.
"ControllerTest.TunerSeekCHWrapAround" end time: May 17 17:56 대한민국 표준시
"ControllerTest.TunerSeekCHWrapAround" time elapsed: 00:00:00
----------------------------------------------------------

35/36 Testing: ControllerTest.TunerGetCurrentCH
35/36 Test: ControllerTest.TunerGetCurrentCH
Command: "C:/DEV/1-15.TDD_TV_10/build/TVControllerTest.exe" "--gtest_filter=ControllerTest.TunerGetCurrentCH" "--gtest_also_run_disabled_tests"
Directory: C:/DEV/1-15.TDD_TV_10/build
"ControllerTest.TunerGetCurrentCH" start time: May 17 17:56 대한민국 표준시
Output:
----------------------------------------------------------
Running main() from C:\DEV\1-15.TDD_TV_10\build\_deps\googletest-src\googletest\src\gtest_main.cc
Note: Google Test filter = ControllerTest.TunerGetCurrentCH
[==========] Running 1 test from 1 test suite.
[----------] Global test environment set-up.
[----------] 1 test from ControllerTest
[ RUN      ] ControllerTest.TunerGetCurrentCH
[       OK ] ControllerTest.TunerGetCurrentCH (0 ms)
[----------] 1 test from ControllerTest (0 ms total)

[----------] Global test environment tear-down
[==========] 1 test from 1 test suite ran. (0 ms total)
[  PASSED  ] 1 test.
<end of output>
Test time =   0.03 sec
----------------------------------------------------------
Test Passed.
"ControllerTest.TunerGetCurrentCH" end time: May 17 17:56 대한민국 표준시
"ControllerTest.TunerGetCurrentCH" time elapsed: 00:00:00
----------------------------------------------------------

36/36 Testing: ControllerApprovalTest.AllScenarios
36/36 Test: ControllerApprovalTest.AllScenarios
Command: "C:/DEV/1-15.TDD_TV_10/build/TVControllerTestApprovalTests.exe" "--gtest_filter=ControllerApprovalTest.AllScenarios" "--gtest_also_run_disabled_tests"
Directory: C:/DEV/1-15.TDD_TV_10/build
"ControllerApprovalTest.AllScenarios" start time: May 17 17:56 대한민국 표준시
Output:
----------------------------------------------------------
Note: Google Test filter = ControllerApprovalTest.AllScenarios
[==========] Running 1 test from 1 test suite.
[----------] Global test environment set-up.
[----------] 1 test from ControllerApprovalTest
[ RUN      ] ControllerApprovalTest.AllScenarios
Exception in setCH: 梨꾨꼸 踰붿쐞 珥덇낵: 999
[       OK ] ControllerApprovalTest.AllScenarios (8 ms)
[----------] 1 test from ControllerApprovalTest (10 ms total)

[----------] Global test environment tear-down
[==========] 1 test from 1 test suite ran. (15 ms total)
[  PASSED  ] 1 test.
<end of output>
Test time =   0.07 sec
----------------------------------------------------------
Test Passed.
"ControllerApprovalTest.AllScenarios" end time: May 17 17:56 대한민국 표준시
"ControllerApprovalTest.AllScenarios" time elapsed: 00:00:00
----------------------------------------------------------

End testing: May 17 17:56 대한민국 표준시
